<?xml version="1.0" encoding="UTF-8"?>
<!-- Generated by org.testng.reporters.JUnitXMLReporter -->
<testsuite ignored="5" hostname="DESKTOP-G8IH0JN" failures="0" tests="1" name="Default test" time="15.387" errors="0" timestamp="2022-08-03T00:40:04 IST">
  <testcase classname="executeClass.ExecuteManageProductPage" name="verifyTheUserCanNavigateToTheLastPageByClickingOnLastButton" time="8.822"/>
  <testcase classname="executeClass.ExecuteManageProductPage" name="verifyTheUserCanDeleteTheCreatedProductOrNot" time="0.0">
    <ignored/>
  </testcase> <!-- verifyTheUserCanDeleteTheCreatedProductOrNot -->
  <testcase classname="executeClass.ExecuteManageProductPage" name="verifyUserCanSearchAProductByUsingProductCode" time="0.0">
    <ignored/>
  </testcase> <!-- verifyUserCanSearchAProductByUsingProductCode -->
  <testcase classname="executeClass.ExecuteManageProductPage" name="verifyUserCanAddNewProductOrNot" time="0.0">
    <ignored/>
  </testcase> <!-- verifyUserCanAddNewProductOrNot -->
  <testcase classname="executeClass.ExecuteManageProductPage" name="verifyThereSetButtonIsWorkingFineOrNot" time="0.0">
    <ignored/>
  </testcase> <!-- verifyThereSetButtonIsWorkingFineOrNot -->
  <testcase classname="executeClass.ExecuteManageProductPage" name="verifyListOfProductPageIsDisplayedWhileClickingOnManageProduct" time="0.0">
    <ignored/>
  </testcase> <!-- verifyListOfProductPageIsDisplayedWhileClickingOnManageProduct -->
</testsuite> <!-- Default test -->
