<?xml version="1.0" encoding="UTF-8"?>
<!-- Generated by org.testng.reporters.JUnitXMLReporter -->
<testsuite ignored="1" hostname="DESKTOP-G8IH0JN" failures="0" tests="1" name="Default test" time="13.029" errors="0" timestamp="2022-08-01T19:06:25 IST">
  <testcase classname="executeClass.ExecuteManageOrderPage" name="vrifyTheAdminCanViewTgeOrderDetailsOfSearchOrder" time="4.344"/>
  <testcase classname="executeClass.ExecuteManageOrderPage" name="verifyTheAdminCanSearchAnOrderByUsingOrderId" time="0.0">
    <ignored/>
  </testcase> <!-- verifyTheAdminCanSearchAnOrderByUsingOrderId -->
</testsuite> <!-- Default test -->
