<?xml version="1.0" encoding="UTF-8"?>
<testng-results ignored="5" total="6" passed="1" failed="0" skipped="0">
  <reporter-output>
  </reporter-output>
  <suite started-at="2022-08-03T00:39:49 IST" name="Default suite" finished-at="2022-08-03T00:40:04 IST" duration-ms="15387">
    <groups>
    </groups>
    <test started-at="2022-08-03T00:39:49 IST" name="Default test" finished-at="2022-08-03T00:40:04 IST" duration-ms="15387">
      <class name="executeClass.ExecuteManageProductPage">
        <test-method is-config="true" signature="beforeMethod()[pri:0, instance:executeClass.ExecuteManageProductPage@6bd61f98]" started-at="2022-08-03T00:39:49 IST" name="beforeMethod" finished-at="2022-08-03T00:39:55 IST" duration-ms="6478" status="PASS">
          <reporter-output>
          </reporter-output>
        </test-method> <!-- beforeMethod -->
        <test-method signature="verifyTheUserCanNavigateToTheLastPageByClickingOnLastButton()[pri:0, instance:executeClass.ExecuteManageProductPage@6bd61f98]" started-at="2022-08-03T00:39:55 IST" name="verifyTheUserCanNavigateToTheLastPageByClickingOnLastButton" finished-at="2022-08-03T00:40:04 IST" duration-ms="8822" status="PASS">
          <reporter-output>
          </reporter-output>
        </test-method> <!-- verifyTheUserCanNavigateToTheLastPageByClickingOnLastButton -->
        <test-method is-config="true" signature="afterMethod()[pri:0, instance:executeClass.ExecuteManageProductPage@6bd61f98]" started-at="2022-08-03T00:40:04 IST" name="afterMethod" finished-at="2022-08-03T00:40:04 IST" duration-ms="1" status="PASS">
          <reporter-output>
          </reporter-output>
        </test-method> <!-- afterMethod -->
      </class> <!-- executeClass.ExecuteManageProductPage -->
    </test> <!-- Default test -->
  </suite> <!-- Default suite -->
</testng-results>
