<?xml version="1.0" encoding="UTF-8"?>
<testng-results ignored="0" total="32" passed="32" failed="0" skipped="0">
  <reporter-output>
  </reporter-output>
  <suite started-at="2022-08-05T16:48:36 IST" name="Cross Browser Test Suite" finished-at="2022-08-05T16:54:41 IST" duration-ms="364672">
    <groups>
    </groups>
    <test started-at="2022-08-05T16:48:36 IST" name="Edge Browser Test" finished-at="2022-08-05T16:54:41 IST" duration-ms="364672">
      <class name="executeClass.ExecuteManageOrderPage">
        <test-method is-config="true" signature="beforeMethod(java.lang.String)[pri:0, instance:executeClass.ExecuteManageOrderPage@449a4f23]" started-at="2022-08-05T16:49:41 IST" name="beforeMethod" finished-at="2022-08-05T16:49:49 IST" duration-ms="7844" status="PASS">
          <params>
            <param index="0">
              <value>
                <![CDATA[edge]]>
              </value>
            </param>
          </params>
          <reporter-output>
          </reporter-output>
        </test-method> <!-- beforeMethod -->
        <test-method signature="verifyTheAdminCanSearchAnOrderByUsingOrderId()[pri:1, instance:executeClass.ExecuteManageOrderPage@449a4f23]" started-at="2022-08-05T16:49:49 IST" name="verifyTheAdminCanSearchAnOrderByUsingOrderId" finished-at="2022-08-05T16:49:52 IST" duration-ms="3244" status="PASS">
          <reporter-output>
          </reporter-output>
        </test-method> <!-- verifyTheAdminCanSearchAnOrderByUsingOrderId -->
        <test-method is-config="true" signature="afterMethod(org.testng.ITestResult)[pri:0, instance:executeClass.ExecuteManageOrderPage@449a4f23]" started-at="2022-08-05T16:49:52 IST" name="afterMethod" finished-at="2022-08-05T16:49:52 IST" duration-ms="293" status="PASS">
          <params>
            <param index="0">
              <value>
                <![CDATA[[TestResult name=verifyTheAdminCanSearchAnOrderByUsingOrderId status=SUCCESS method=ExecuteManageOrderPage.verifyTheAdminCanSearchAnOrderByUsingOrderId()[pri:1, instance:executeClass.ExecuteManageOrderPage@449a4f23] output={null}]]]>
              </value>
            </param>
          </params>
          <reporter-output>
          </reporter-output>
        </test-method> <!-- afterMethod -->
        <test-method is-config="true" signature="beforeMethod(java.lang.String)[pri:0, instance:executeClass.ExecuteManageOrderPage@449a4f23]" started-at="2022-08-05T16:51:30 IST" name="beforeMethod" finished-at="2022-08-05T16:51:38 IST" duration-ms="7857" status="PASS">
          <params>
            <param index="0">
              <value>
                <![CDATA[edge]]>
              </value>
            </param>
          </params>
          <reporter-output>
          </reporter-output>
        </test-method> <!-- beforeMethod -->
        <test-method signature="vrifyTheAdminCanViewTheOrderDetailsOfSearchOrder()[pri:2, instance:executeClass.ExecuteManageOrderPage@449a4f23]" started-at="2022-08-05T16:51:38 IST" name="vrifyTheAdminCanViewTheOrderDetailsOfSearchOrder" finished-at="2022-08-05T16:51:41 IST" duration-ms="3741" status="PASS">
          <reporter-output>
          </reporter-output>
        </test-method> <!-- vrifyTheAdminCanViewTheOrderDetailsOfSearchOrder -->
        <test-method is-config="true" signature="afterMethod(org.testng.ITestResult)[pri:0, instance:executeClass.ExecuteManageOrderPage@449a4f23]" started-at="2022-08-05T16:51:41 IST" name="afterMethod" finished-at="2022-08-05T16:51:42 IST" duration-ms="215" status="PASS">
          <params>
            <param index="0">
              <value>
                <![CDATA[[TestResult name=vrifyTheAdminCanViewTheOrderDetailsOfSearchOrder status=SUCCESS method=ExecuteManageOrderPage.vrifyTheAdminCanViewTheOrderDetailsOfSearchOrder()[pri:2, instance:executeClass.ExecuteManageOrderPage@449a4f23] output={null}]]]>
              </value>
            </param>
          </params>
          <reporter-output>
          </reporter-output>
        </test-method> <!-- afterMethod -->
      </class> <!-- executeClass.ExecuteManageOrderPage -->
      <class name="executeClass.ExecuteManageProductPage">
        <test-method is-config="true" signature="beforeMethod(java.lang.String)[pri:0, instance:executeClass.ExecuteManageProductPage@1530c739]" started-at="2022-08-05T16:49:02 IST" name="beforeMethod" finished-at="2022-08-05T16:49:10 IST" duration-ms="7881" status="PASS">
          <params>
            <param index="0">
              <value>
                <![CDATA[edge]]>
              </value>
            </param>
          </params>
          <reporter-output>
          </reporter-output>
        </test-method> <!-- beforeMethod -->
        <test-method signature="verifyListOfProductPageIsDisplayedWhileClickingOnManageProduct()[pri:1, instance:executeClass.ExecuteManageProductPage@1530c739]" started-at="2022-08-05T16:49:10 IST" name="verifyListOfProductPageIsDisplayedWhileClickingOnManageProduct" finished-at="2022-08-05T16:49:13 IST" duration-ms="2288" status="PASS">
          <reporter-output>
          </reporter-output>
        </test-method> <!-- verifyListOfProductPageIsDisplayedWhileClickingOnManageProduct -->
        <test-method is-config="true" signature="afterMethod(org.testng.ITestResult)[pri:0, instance:executeClass.ExecuteManageProductPage@1530c739]" started-at="2022-08-05T16:49:13 IST" name="afterMethod" finished-at="2022-08-05T16:49:13 IST" duration-ms="571" status="PASS">
          <params>
            <param index="0">
              <value>
                <![CDATA[[TestResult name=verifyListOfProductPageIsDisplayedWhileClickingOnManageProduct status=SUCCESS method=ExecuteManageProductPage.verifyListOfProductPageIsDisplayedWhileClickingOnManageProduct()[pri:1, instance:executeClass.ExecuteManageProductPage@1530c739] output={null}]]]>
              </value>
            </param>
          </params>
          <reporter-output>
          </reporter-output>
        </test-method> <!-- afterMethod -->
        <test-method is-config="true" signature="beforeMethod(java.lang.String)[pri:0, instance:executeClass.ExecuteManageProductPage@1530c739]" started-at="2022-08-05T16:50:58 IST" name="beforeMethod" finished-at="2022-08-05T16:51:07 IST" duration-ms="9409" status="PASS">
          <params>
            <param index="0">
              <value>
                <![CDATA[edge]]>
              </value>
            </param>
          </params>
          <reporter-output>
          </reporter-output>
        </test-method> <!-- beforeMethod -->
        <test-method signature="verifyUserCanAddNewProductOrNot()[pri:2, instance:executeClass.ExecuteManageProductPage@1530c739]" started-at="2022-08-05T16:51:07 IST" name="verifyUserCanAddNewProductOrNot" finished-at="2022-08-05T16:51:19 IST" duration-ms="11627" status="PASS">
          <reporter-output>
          </reporter-output>
        </test-method> <!-- verifyUserCanAddNewProductOrNot -->
        <test-method is-config="true" signature="afterMethod(org.testng.ITestResult)[pri:0, instance:executeClass.ExecuteManageProductPage@1530c739]" started-at="2022-08-05T16:51:19 IST" name="afterMethod" finished-at="2022-08-05T16:51:19 IST" duration-ms="258" status="PASS">
          <params>
            <param index="0">
              <value>
                <![CDATA[[TestResult name=verifyUserCanAddNewProductOrNot status=SUCCESS method=ExecuteManageProductPage.verifyUserCanAddNewProductOrNot()[pri:2, instance:executeClass.ExecuteManageProductPage@1530c739] output={null}]]]>
              </value>
            </param>
          </params>
          <reporter-output>
          </reporter-output>
        </test-method> <!-- afterMethod -->
        <test-method is-config="true" signature="beforeMethod(java.lang.String)[pri:0, instance:executeClass.ExecuteManageProductPage@1530c739]" started-at="2022-08-05T16:52:25 IST" name="beforeMethod" finished-at="2022-08-05T16:52:33 IST" duration-ms="7862" status="PASS">
          <params>
            <param index="0">
              <value>
                <![CDATA[edge]]>
              </value>
            </param>
          </params>
          <reporter-output>
          </reporter-output>
        </test-method> <!-- beforeMethod -->
        <test-method signature="verifyUserCanSearchAProductByUsingProductCode()[pri:3, instance:executeClass.ExecuteManageProductPage@1530c739]" started-at="2022-08-05T16:52:33 IST" name="verifyUserCanSearchAProductByUsingProductCode" finished-at="2022-08-05T16:52:35 IST" duration-ms="2528" status="PASS">
          <reporter-output>
          </reporter-output>
        </test-method> <!-- verifyUserCanSearchAProductByUsingProductCode -->
        <test-method is-config="true" signature="afterMethod(org.testng.ITestResult)[pri:0, instance:executeClass.ExecuteManageProductPage@1530c739]" started-at="2022-08-05T16:52:35 IST" name="afterMethod" finished-at="2022-08-05T16:52:36 IST" duration-ms="409" status="PASS">
          <params>
            <param index="0">
              <value>
                <![CDATA[[TestResult name=verifyUserCanSearchAProductByUsingProductCode status=SUCCESS method=ExecuteManageProductPage.verifyUserCanSearchAProductByUsingProductCode()[pri:3, instance:executeClass.ExecuteManageProductPage@1530c739] output={null}]]]>
              </value>
            </param>
          </params>
          <reporter-output>
          </reporter-output>
        </test-method> <!-- afterMethod -->
        <test-method is-config="true" signature="beforeMethod(java.lang.String)[pri:0, instance:executeClass.ExecuteManageProductPage@1530c739]" started-at="2022-08-05T16:53:23 IST" name="beforeMethod" finished-at="2022-08-05T16:53:33 IST" duration-ms="9449" status="PASS">
          <params>
            <param index="0">
              <value>
                <![CDATA[edge]]>
              </value>
            </param>
          </params>
          <reporter-output>
          </reporter-output>
        </test-method> <!-- beforeMethod -->
        <test-method signature="verifyTheUserCanDeleteTheCreatedProductOrNot()[pri:4, instance:executeClass.ExecuteManageProductPage@1530c739]" started-at="2022-08-05T16:53:33 IST" name="verifyTheUserCanDeleteTheCreatedProductOrNot" finished-at="2022-08-05T16:53:36 IST" duration-ms="3288" status="PASS">
          <reporter-output>
          </reporter-output>
        </test-method> <!-- verifyTheUserCanDeleteTheCreatedProductOrNot -->
        <test-method is-config="true" signature="afterMethod(org.testng.ITestResult)[pri:0, instance:executeClass.ExecuteManageProductPage@1530c739]" started-at="2022-08-05T16:53:36 IST" name="afterMethod" finished-at="2022-08-05T16:53:36 IST" duration-ms="182" status="PASS">
          <params>
            <param index="0">
              <value>
                <![CDATA[[TestResult name=verifyTheUserCanDeleteTheCreatedProductOrNot status=SUCCESS method=ExecuteManageProductPage.verifyTheUserCanDeleteTheCreatedProductOrNot()[pri:4, instance:executeClass.ExecuteManageProductPage@1530c739] output={null}]]]>
              </value>
            </param>
          </params>
          <reporter-output>
          </reporter-output>
        </test-method> <!-- afterMethod -->
        <test-method is-config="true" signature="beforeMethod(java.lang.String)[pri:0, instance:executeClass.ExecuteManageProductPage@1530c739]" started-at="2022-08-05T16:54:13 IST" name="beforeMethod" finished-at="2022-08-05T16:54:21 IST" duration-ms="7648" status="PASS">
          <params>
            <param index="0">
              <value>
                <![CDATA[edge]]>
              </value>
            </param>
          </params>
          <reporter-output>
          </reporter-output>
        </test-method> <!-- beforeMethod -->
        <test-method signature="verifyTheReSetButtonIsWorkingFineOrNot()[pri:5, instance:executeClass.ExecuteManageProductPage@1530c739]" started-at="2022-08-05T16:54:21 IST" name="verifyTheReSetButtonIsWorkingFineOrNot" finished-at="2022-08-05T16:54:25 IST" duration-ms="3837" status="PASS">
          <reporter-output>
          </reporter-output>
        </test-method> <!-- verifyTheReSetButtonIsWorkingFineOrNot -->
        <test-method is-config="true" signature="afterMethod(org.testng.ITestResult)[pri:0, instance:executeClass.ExecuteManageProductPage@1530c739]" started-at="2022-08-05T16:54:25 IST" name="afterMethod" finished-at="2022-08-05T16:54:25 IST" duration-ms="312" status="PASS">
          <params>
            <param index="0">
              <value>
                <![CDATA[[TestResult name=verifyTheReSetButtonIsWorkingFineOrNot status=SUCCESS method=ExecuteManageProductPage.verifyTheReSetButtonIsWorkingFineOrNot()[pri:5, instance:executeClass.ExecuteManageProductPage@1530c739] output={null}]]]>
              </value>
            </param>
          </params>
          <reporter-output>
          </reporter-output>
        </test-method> <!-- afterMethod -->
        <test-method is-config="true" signature="beforeMethod(java.lang.String)[pri:0, instance:executeClass.ExecuteManageProductPage@1530c739]" started-at="2022-08-05T16:54:25 IST" name="beforeMethod" finished-at="2022-08-05T16:54:33 IST" duration-ms="8044" status="PASS">
          <params>
            <param index="0">
              <value>
                <![CDATA[edge]]>
              </value>
            </param>
          </params>
          <reporter-output>
          </reporter-output>
        </test-method> <!-- beforeMethod -->
        <test-method signature="verifyTheUserCanNavigateToTheLastPageByClickingOnLastButton()[pri:6, instance:executeClass.ExecuteManageProductPage@1530c739]" started-at="2022-08-05T16:54:33 IST" name="verifyTheUserCanNavigateToTheLastPageByClickingOnLastButton" finished-at="2022-08-05T16:54:40 IST" duration-ms="7221" status="PASS">
          <reporter-output>
          </reporter-output>
        </test-method> <!-- verifyTheUserCanNavigateToTheLastPageByClickingOnLastButton -->
        <test-method is-config="true" signature="afterMethod(org.testng.ITestResult)[pri:0, instance:executeClass.ExecuteManageProductPage@1530c739]" started-at="2022-08-05T16:54:40 IST" name="afterMethod" finished-at="2022-08-05T16:54:41 IST" duration-ms="181" status="PASS">
          <params>
            <param index="0">
              <value>
                <![CDATA[[TestResult name=verifyTheUserCanNavigateToTheLastPageByClickingOnLastButton status=SUCCESS method=ExecuteManageProductPage.verifyTheUserCanNavigateToTheLastPageByClickingOnLastButton()[pri:6, instance:executeClass.ExecuteManageProductPage@1530c739] output={null}]]]>
              </value>
            </param>
          </params>
          <reporter-output>
          </reporter-output>
        </test-method> <!-- afterMethod -->
      </class> <!-- executeClass.ExecuteManageProductPage -->
      <class name="executeClass.ExecuteManageUsersPage">
        <test-method is-config="true" signature="beforeMethod(java.lang.String)[pri:0, instance:executeClass.ExecuteManageUsersPage@78e4deb0]" started-at="2022-08-05T16:49:52 IST" name="beforeMethod" finished-at="2022-08-05T16:50:00 IST" duration-ms="7897" status="PASS">
          <params>
            <param index="0">
              <value>
                <![CDATA[edge]]>
              </value>
            </param>
          </params>
          <reporter-output>
          </reporter-output>
        </test-method> <!-- beforeMethod -->
        <test-method signature="verifyTheListUsersPageIsDispalyedWhileClickingOnManageUsers()[pri:1, instance:executeClass.ExecuteManageUsersPage@78e4deb0]" started-at="2022-08-05T16:50:00 IST" name="verifyTheListUsersPageIsDispalyedWhileClickingOnManageUsers" finished-at="2022-08-05T16:50:02 IST" duration-ms="1682" status="PASS">
          <reporter-output>
          </reporter-output>
        </test-method> <!-- verifyTheListUsersPageIsDispalyedWhileClickingOnManageUsers -->
        <test-method is-config="true" signature="afterMethod(org.testng.ITestResult)[pri:0, instance:executeClass.ExecuteManageUsersPage@78e4deb0]" started-at="2022-08-05T16:50:02 IST" name="afterMethod" finished-at="2022-08-05T16:50:02 IST" duration-ms="267" status="PASS">
          <params>
            <param index="0">
              <value>
                <![CDATA[[TestResult name=verifyTheListUsersPageIsDispalyedWhileClickingOnManageUsers status=SUCCESS method=ExecuteManageUsersPage.verifyTheListUsersPageIsDispalyedWhileClickingOnManageUsers()[pri:1, instance:executeClass.ExecuteManageUsersPage@78e4deb0] output={null}]]]>
              </value>
            </param>
          </params>
          <reporter-output>
          </reporter-output>
        </test-method> <!-- afterMethod -->
        <test-method is-config="true" signature="beforeMethod(java.lang.String)[pri:0, instance:executeClass.ExecuteManageUsersPage@78e4deb0]" started-at="2022-08-05T16:51:19 IST" name="beforeMethod" finished-at="2022-08-05T16:51:27 IST" duration-ms="7814" status="PASS">
          <params>
            <param index="0">
              <value>
                <![CDATA[edge]]>
              </value>
            </param>
          </params>
          <reporter-output>
          </reporter-output>
        </test-method> <!-- beforeMethod -->
        <test-method signature="verifyUsercnaSearchAUserByUsingName()[pri:2, instance:executeClass.ExecuteManageUsersPage@78e4deb0]" started-at="2022-08-05T16:51:27 IST" name="verifyUsercnaSearchAUserByUsingName" finished-at="2022-08-05T16:51:29 IST" duration-ms="2571" status="PASS">
          <reporter-output>
          </reporter-output>
        </test-method> <!-- verifyUsercnaSearchAUserByUsingName -->
        <test-method is-config="true" signature="afterMethod(org.testng.ITestResult)[pri:0, instance:executeClass.ExecuteManageUsersPage@78e4deb0]" started-at="2022-08-05T16:51:29 IST" name="afterMethod" finished-at="2022-08-05T16:51:30 IST" duration-ms="439" status="PASS">
          <params>
            <param index="0">
              <value>
                <![CDATA[[TestResult name=verifyUsercnaSearchAUserByUsingName status=SUCCESS method=ExecuteManageUsersPage.verifyUsercnaSearchAUserByUsingName()[pri:2, instance:executeClass.ExecuteManageUsersPage@78e4deb0] output={null}]]]>
              </value>
            </param>
          </params>
          <reporter-output>
          </reporter-output>
        </test-method> <!-- afterMethod -->
        <test-method is-config="true" signature="beforeMethod(java.lang.String)[pri:0, instance:executeClass.ExecuteManageUsersPage@78e4deb0]" started-at="2022-08-05T16:52:14 IST" name="beforeMethod" finished-at="2022-08-05T16:52:22 IST" duration-ms="7842" status="PASS">
          <params>
            <param index="0">
              <value>
                <![CDATA[edge]]>
              </value>
            </param>
          </params>
          <reporter-output>
          </reporter-output>
        </test-method> <!-- beforeMethod -->
        <test-method signature="verifyTheUserCanSearchAUserByUsingEmailId()[pri:3, instance:executeClass.ExecuteManageUsersPage@78e4deb0]" started-at="2022-08-05T16:52:22 IST" name="verifyTheUserCanSearchAUserByUsingEmailId" finished-at="2022-08-05T16:52:25 IST" duration-ms="2586" status="PASS">
          <reporter-output>
          </reporter-output>
        </test-method> <!-- verifyTheUserCanSearchAUserByUsingEmailId -->
        <test-method is-config="true" signature="afterMethod(org.testng.ITestResult)[pri:0, instance:executeClass.ExecuteManageUsersPage@78e4deb0]" started-at="2022-08-05T16:52:25 IST" name="afterMethod" finished-at="2022-08-05T16:52:25 IST" duration-ms="223" status="PASS">
          <params>
            <param index="0">
              <value>
                <![CDATA[[TestResult name=verifyTheUserCanSearchAUserByUsingEmailId status=SUCCESS method=ExecuteManageUsersPage.verifyTheUserCanSearchAUserByUsingEmailId()[pri:3, instance:executeClass.ExecuteManageUsersPage@78e4deb0] output={null}]]]>
              </value>
            </param>
          </params>
          <reporter-output>
          </reporter-output>
        </test-method> <!-- afterMethod -->
        <test-method is-config="true" signature="beforeMethod(java.lang.String)[pri:0, instance:executeClass.ExecuteManageUsersPage@78e4deb0]" started-at="2022-08-05T16:53:10 IST" name="beforeMethod" finished-at="2022-08-05T16:53:20 IST" duration-ms="10510" status="PASS">
          <params>
            <param index="0">
              <value>
                <![CDATA[edge]]>
              </value>
            </param>
          </params>
          <reporter-output>
          </reporter-output>
        </test-method> <!-- beforeMethod -->
        <test-method signature="verifyTheAdminCanChangeTheStatusOfSoftWareTesterUser()[pri:4, instance:executeClass.ExecuteManageUsersPage@78e4deb0]" started-at="2022-08-05T16:53:20 IST" name="verifyTheAdminCanChangeTheStatusOfSoftWareTesterUser" finished-at="2022-08-05T16:53:23 IST" duration-ms="2653" status="PASS">
          <reporter-output>
          </reporter-output>
        </test-method> <!-- verifyTheAdminCanChangeTheStatusOfSoftWareTesterUser -->
        <test-method is-config="true" signature="afterMethod(org.testng.ITestResult)[pri:0, instance:executeClass.ExecuteManageUsersPage@78e4deb0]" started-at="2022-08-05T16:53:23 IST" name="afterMethod" finished-at="2022-08-05T16:53:23 IST" duration-ms="329" status="PASS">
          <params>
            <param index="0">
              <value>
                <![CDATA[[TestResult name=verifyTheAdminCanChangeTheStatusOfSoftWareTesterUser status=SUCCESS method=ExecuteManageUsersPage.verifyTheAdminCanChangeTheStatusOfSoftWareTesterUser()[pri:4, instance:executeClass.ExecuteManageUsersPage@78e4deb0] output={null}]]]>
              </value>
            </param>
          </params>
          <reporter-output>
          </reporter-output>
        </test-method> <!-- afterMethod -->
      </class> <!-- executeClass.ExecuteManageUsersPage -->
      <class name="executeClass.ExecuteLoginPage">
        <test-method is-config="true" signature="beforeMethod(java.lang.String)[pri:0, instance:executeClass.ExecuteLoginPage@6fdbe764]" started-at="2022-08-05T16:49:23 IST" name="beforeMethod" finished-at="2022-08-05T16:49:31 IST" duration-ms="7741" status="PASS">
          <params>
            <param index="0">
              <value>
                <![CDATA[edge]]>
              </value>
            </param>
          </params>
          <reporter-output>
          </reporter-output>
        </test-method> <!-- beforeMethod -->
        <test-method signature="verifyLoginPageIsvisibleWhileLaunchingTheApplication()[pri:1, instance:executeClass.ExecuteLoginPage@6fdbe764]" started-at="2022-08-05T16:49:31 IST" name="verifyLoginPageIsvisibleWhileLaunchingTheApplication" finished-at="2022-08-05T16:49:31 IST" duration-ms="13" status="PASS">
          <reporter-output>
          </reporter-output>
        </test-method> <!-- verifyLoginPageIsvisibleWhileLaunchingTheApplication -->
        <test-method is-config="true" signature="afterMethod(org.testng.ITestResult)[pri:0, instance:executeClass.ExecuteLoginPage@6fdbe764]" started-at="2022-08-05T16:49:31 IST" name="afterMethod" finished-at="2022-08-05T16:49:31 IST" duration-ms="270" status="PASS">
          <params>
            <param index="0">
              <value>
                <![CDATA[[TestResult name=verifyLoginPageIsvisibleWhileLaunchingTheApplication status=SUCCESS method=ExecuteLoginPage.verifyLoginPageIsvisibleWhileLaunchingTheApplication()[pri:1, instance:executeClass.ExecuteLoginPage@6fdbe764] output={null}]]]>
              </value>
            </param>
          </params>
          <reporter-output>
          </reporter-output>
        </test-method> <!-- afterMethod -->
        <test-method is-config="true" signature="beforeMethod(java.lang.String)[pri:0, instance:executeClass.ExecuteLoginPage@6fdbe764]" started-at="2022-08-05T16:50:11 IST" name="beforeMethod" finished-at="2022-08-05T16:50:19 IST" duration-ms="7995" status="PASS">
          <params>
            <param index="0">
              <value>
                <![CDATA[edge]]>
              </value>
            </param>
          </params>
          <reporter-output>
          </reporter-output>
        </test-method> <!-- beforeMethod -->
        <test-method signature="isrememberMeCheckBoxSelectedOrNot()[pri:2, instance:executeClass.ExecuteLoginPage@6fdbe764]" started-at="2022-08-05T16:50:19 IST" name="isrememberMeCheckBoxSelectedOrNot" finished-at="2022-08-05T16:50:19 IST" duration-ms="78" status="PASS">
          <reporter-output>
          </reporter-output>
        </test-method> <!-- isrememberMeCheckBoxSelectedOrNot -->
        <test-method is-config="true" signature="afterMethod(org.testng.ITestResult)[pri:0, instance:executeClass.ExecuteLoginPage@6fdbe764]" started-at="2022-08-05T16:50:19 IST" name="afterMethod" finished-at="2022-08-05T16:50:19 IST" duration-ms="220" status="PASS">
          <params>
            <param index="0">
              <value>
                <![CDATA[[TestResult name=isrememberMeCheckBoxSelectedOrNot status=SUCCESS method=ExecuteLoginPage.isrememberMeCheckBoxSelectedOrNot()[pri:2, instance:executeClass.ExecuteLoginPage@6fdbe764] output={null}]]]>
              </value>
            </param>
          </params>
          <reporter-output>
          </reporter-output>
        </test-method> <!-- afterMethod -->
        <test-method is-config="true" signature="beforeMethod(java.lang.String)[pri:0, instance:executeClass.ExecuteLoginPage@6fdbe764]" started-at="2022-08-05T16:52:47 IST" name="beforeMethod" finished-at="2022-08-05T16:52:56 IST" duration-ms="8768" status="PASS">
          <params>
            <param index="0">
              <value>
                <![CDATA[edge]]>
              </value>
            </param>
          </params>
          <reporter-output>
          </reporter-output>
        </test-method> <!-- beforeMethod -->
        <test-method signature="verifysuccessfulLogin(java.lang.String,java.lang.String)[pri:3, instance:executeClass.ExecuteLoginPage@6fdbe764]" started-at="2022-08-05T16:52:56 IST" name="verifysuccessfulLogin" data-provider="DataProvider1" finished-at="2022-08-05T16:52:57 IST" duration-ms="1035" status="PASS">
          <params>
            <param index="0">
              <value>
                <![CDATA[admin]]>
              </value>
            </param>
            <param index="1">
              <value>
                <![CDATA[admin]]>
              </value>
            </param>
          </params>
          <reporter-output>
          </reporter-output>
        </test-method> <!-- verifysuccessfulLogin -->
        <test-method is-config="true" signature="afterMethod(org.testng.ITestResult)[pri:0, instance:executeClass.ExecuteLoginPage@6fdbe764]" started-at="2022-08-05T16:52:57 IST" name="afterMethod" finished-at="2022-08-05T16:52:57 IST" duration-ms="202" status="PASS">
          <params>
            <param index="0">
              <value>
                <![CDATA[[TestResult name=verifysuccessfulLogin status=SUCCESS method=ExecuteLoginPage.verifysuccessfulLogin(java.lang.String,java.lang.String)[pri:3, instance:executeClass.ExecuteLoginPage@6fdbe764] output={null}]]]>
              </value>
            </param>
          </params>
          <reporter-output>
          </reporter-output>
        </test-method> <!-- afterMethod -->
        <test-method is-config="true" signature="beforeMethod(java.lang.String)[pri:0, instance:executeClass.ExecuteLoginPage@6fdbe764]" started-at="2022-08-05T16:53:36 IST" name="beforeMethod" finished-at="2022-08-05T16:53:44 IST" duration-ms="7791" status="PASS">
          <params>
            <param index="0">
              <value>
                <![CDATA[edge]]>
              </value>
            </param>
          </params>
          <reporter-output>
          </reporter-output>
        </test-method> <!-- beforeMethod -->
        <test-method signature="verifyUnsuccessfulLogin(java.lang.String,java.lang.String)[pri:4, instance:executeClass.ExecuteLoginPage@6fdbe764]" started-at="2022-08-05T16:53:44 IST" name="verifyUnsuccessfulLogin" data-provider="DataProvider" finished-at="2022-08-05T16:53:44 IST" duration-ms="566" status="PASS">
          <params>
            <param index="0">
              <value>
                <![CDATA[admin123]]>
              </value>
            </param>
            <param index="1">
              <value>
                <![CDATA[admin]]>
              </value>
            </param>
          </params>
          <reporter-output>
          </reporter-output>
        </test-method> <!-- verifyUnsuccessfulLogin -->
        <test-method is-config="true" signature="afterMethod(org.testng.ITestResult)[pri:0, instance:executeClass.ExecuteLoginPage@6fdbe764]" started-at="2022-08-05T16:53:44 IST" name="afterMethod" finished-at="2022-08-05T16:53:45 IST" duration-ms="190" status="PASS">
          <params>
            <param index="0">
              <value>
                <![CDATA[[TestResult name=verifyUnsuccessfulLogin status=SUCCESS method=ExecuteLoginPage.verifyUnsuccessfulLogin(java.lang.String,java.lang.String)[pri:4, instance:executeClass.ExecuteLoginPage@6fdbe764] output={null}]]]>
              </value>
            </param>
          </params>
          <reporter-output>
          </reporter-output>
        </test-method> <!-- afterMethod -->
        <test-method is-config="true" signature="beforeMethod(java.lang.String)[pri:0, instance:executeClass.ExecuteLoginPage@6fdbe764]" started-at="2022-08-05T16:53:45 IST" name="beforeMethod" finished-at="2022-08-05T16:53:52 IST" duration-ms="7910" status="PASS">
          <params>
            <param index="0">
              <value>
                <![CDATA[edge]]>
              </value>
            </param>
          </params>
          <reporter-output>
          </reporter-output>
        </test-method> <!-- beforeMethod -->
        <test-method signature="verifyUnsuccessfulLogin(java.lang.String,java.lang.String)[pri:4, instance:executeClass.ExecuteLoginPage@6fdbe764]" started-at="2022-08-05T16:53:52 IST" name="verifyUnsuccessfulLogin" data-provider="DataProvider" finished-at="2022-08-05T16:53:53 IST" duration-ms="800" status="PASS">
          <params>
            <param index="0">
              <value>
                <![CDATA[admin]]>
              </value>
            </param>
            <param index="1">
              <value>
                <![CDATA[ad12]]>
              </value>
            </param>
          </params>
          <reporter-output>
          </reporter-output>
        </test-method> <!-- verifyUnsuccessfulLogin -->
        <test-method is-config="true" signature="afterMethod(org.testng.ITestResult)[pri:0, instance:executeClass.ExecuteLoginPage@6fdbe764]" started-at="2022-08-05T16:53:53 IST" name="afterMethod" finished-at="2022-08-05T16:53:54 IST" duration-ms="228" status="PASS">
          <params>
            <param index="0">
              <value>
                <![CDATA[[TestResult name=verifyUnsuccessfulLogin status=SUCCESS method=ExecuteLoginPage.verifyUnsuccessfulLogin(java.lang.String,java.lang.String)[pri:4, instance:executeClass.ExecuteLoginPage@6fdbe764] output={null}]]]>
              </value>
            </param>
          </params>
          <reporter-output>
          </reporter-output>
        </test-method> <!-- afterMethod -->
        <test-method is-config="true" signature="beforeMethod(java.lang.String)[pri:0, instance:executeClass.ExecuteLoginPage@6fdbe764]" started-at="2022-08-05T16:53:54 IST" name="beforeMethod" finished-at="2022-08-05T16:54:01 IST" duration-ms="7778" status="PASS">
          <params>
            <param index="0">
              <value>
                <![CDATA[edge]]>
              </value>
            </param>
          </params>
          <reporter-output>
          </reporter-output>
        </test-method> <!-- beforeMethod -->
        <test-method signature="verifyUnsuccessfulLogin(java.lang.String,java.lang.String)[pri:4, instance:executeClass.ExecuteLoginPage@6fdbe764]" started-at="2022-08-05T16:54:01 IST" name="verifyUnsuccessfulLogin" data-provider="DataProvider" finished-at="2022-08-05T16:54:02 IST" duration-ms="623" status="PASS">
          <params>
            <param index="0">
              <value>
                <![CDATA[adm155]]>
              </value>
            </param>
            <param index="1">
              <value>
                <![CDATA[afrt]]>
              </value>
            </param>
          </params>
          <reporter-output>
          </reporter-output>
        </test-method> <!-- verifyUnsuccessfulLogin -->
        <test-method is-config="true" signature="afterMethod(org.testng.ITestResult)[pri:0, instance:executeClass.ExecuteLoginPage@6fdbe764]" started-at="2022-08-05T16:54:02 IST" name="afterMethod" finished-at="2022-08-05T16:54:02 IST" duration-ms="207" status="PASS">
          <params>
            <param index="0">
              <value>
                <![CDATA[[TestResult name=verifyUnsuccessfulLogin status=SUCCESS method=ExecuteLoginPage.verifyUnsuccessfulLogin(java.lang.String,java.lang.String)[pri:4, instance:executeClass.ExecuteLoginPage@6fdbe764] output={null}]]]>
              </value>
            </param>
          </params>
          <reporter-output>
          </reporter-output>
        </test-method> <!-- afterMethod -->
      </class> <!-- executeClass.ExecuteLoginPage -->
      <class name="executeClass.executePushNotificationPage">
        <test-method is-config="true" signature="beforeMethod(java.lang.String)[pri:0, instance:executeClass.executePushNotificationPage@6e9175d8]" started-at="2022-08-05T16:49:31 IST" name="beforeMethod" finished-at="2022-08-05T16:49:39 IST" duration-ms="7925" status="PASS">
          <params>
            <param index="0">
              <value>
                <![CDATA[edge]]>
              </value>
            </param>
          </params>
          <reporter-output>
          </reporter-output>
        </test-method> <!-- beforeMethod -->
        <test-method signature="verifyPushNotificationPageIsDisplayedWhileClickingOnPushNotification()[pri:1, instance:executeClass.executePushNotificationPage@6e9175d8]" started-at="2022-08-05T16:49:39 IST" name="verifyPushNotificationPageIsDisplayedWhileClickingOnPushNotification" finished-at="2022-08-05T16:49:41 IST" duration-ms="1469" status="PASS">
          <reporter-output>
          </reporter-output>
        </test-method> <!-- verifyPushNotificationPageIsDisplayedWhileClickingOnPushNotification -->
        <test-method is-config="true" signature="afterMethod(org.testng.ITestResult)[pri:0, instance:executeClass.executePushNotificationPage@6e9175d8]" started-at="2022-08-05T16:49:41 IST" name="afterMethod" finished-at="2022-08-05T16:49:41 IST" duration-ms="233" status="PASS">
          <params>
            <param index="0">
              <value>
                <![CDATA[[TestResult name=verifyPushNotificationPageIsDisplayedWhileClickingOnPushNotification status=SUCCESS method=executePushNotificationPage.verifyPushNotificationPageIsDisplayedWhileClickingOnPushNotification()[pri:1, instance:executeClass.executePushNotificationPage@6e9175d8] output={null}]]]>
              </value>
            </param>
          </params>
          <reporter-output>
          </reporter-output>
        </test-method> <!-- afterMethod -->
        <test-method is-config="true" signature="beforeMethod(java.lang.String)[pri:0, instance:executeClass.executePushNotificationPage@6e9175d8]" started-at="2022-08-05T16:50:33 IST" name="beforeMethod" finished-at="2022-08-05T16:50:42 IST" duration-ms="9549" status="PASS">
          <params>
            <param index="0">
              <value>
                <![CDATA[edge]]>
              </value>
            </param>
          </params>
          <reporter-output>
          </reporter-output>
        </test-method> <!-- beforeMethod -->
        <test-method signature="verifyTheAdminCanSendANotificationSuccessfullyOrNot()[pri:2, instance:executeClass.executePushNotificationPage@6e9175d8]" started-at="2022-08-05T16:50:42 IST" name="verifyTheAdminCanSendANotificationSuccessfullyOrNot" finished-at="2022-08-05T16:50:46 IST" duration-ms="3488" status="PASS">
          <reporter-output>
          </reporter-output>
        </test-method> <!-- verifyTheAdminCanSendANotificationSuccessfullyOrNot -->
        <test-method is-config="true" signature="afterMethod(org.testng.ITestResult)[pri:0, instance:executeClass.executePushNotificationPage@6e9175d8]" started-at="2022-08-05T16:50:46 IST" name="afterMethod" finished-at="2022-08-05T16:50:46 IST" duration-ms="341" status="PASS">
          <params>
            <param index="0">
              <value>
                <![CDATA[[TestResult name=verifyTheAdminCanSendANotificationSuccessfullyOrNot status=SUCCESS method=executePushNotificationPage.verifyTheAdminCanSendANotificationSuccessfullyOrNot()[pri:2, instance:executeClass.executePushNotificationPage@6e9175d8] output={null}]]]>
              </value>
            </param>
          </params>
          <reporter-output>
          </reporter-output>
        </test-method> <!-- afterMethod -->
        <test-method is-config="true" signature="beforeMethod(java.lang.String)[pri:0, instance:executeClass.executePushNotificationPage@6e9175d8]" started-at="2022-08-05T16:52:05 IST" name="beforeMethod" finished-at="2022-08-05T16:52:12 IST" duration-ms="7711" status="PASS">
          <params>
            <param index="0">
              <value>
                <![CDATA[edge]]>
              </value>
            </param>
          </params>
          <reporter-output>
          </reporter-output>
        </test-method> <!-- beforeMethod -->
        <test-method signature="verifyTheResetButtonIsVisibleOrNot()[pri:3, instance:executeClass.executePushNotificationPage@6e9175d8]" started-at="2022-08-05T16:52:12 IST" name="verifyTheResetButtonIsVisibleOrNot" finished-at="2022-08-05T16:52:14 IST" duration-ms="1509" status="PASS">
          <reporter-output>
          </reporter-output>
        </test-method> <!-- verifyTheResetButtonIsVisibleOrNot -->
        <test-method is-config="true" signature="afterMethod(org.testng.ITestResult)[pri:0, instance:executeClass.executePushNotificationPage@6e9175d8]" started-at="2022-08-05T16:52:14 IST" name="afterMethod" finished-at="2022-08-05T16:52:14 IST" duration-ms="256" status="PASS">
          <params>
            <param index="0">
              <value>
                <![CDATA[[TestResult name=verifyTheResetButtonIsVisibleOrNot status=SUCCESS method=executePushNotificationPage.verifyTheResetButtonIsVisibleOrNot()[pri:3, instance:executeClass.executePushNotificationPage@6e9175d8] output={null}]]]>
              </value>
            </param>
          </params>
          <reporter-output>
          </reporter-output>
        </test-method> <!-- afterMethod -->
      </class> <!-- executeClass.executePushNotificationPage -->
      <class name="executeClass.ExecuteDashBoardPage">
        <test-method is-config="true" signature="beforeMethod(java.lang.String)[pri:0, instance:executeClass.ExecuteDashBoardPage@2e8c1c9b]" started-at="2022-08-05T16:48:36 IST" name="beforeMethod" finished-at="2022-08-05T16:48:48 IST" duration-ms="11690" status="PASS">
          <params>
            <param index="0">
              <value>
                <![CDATA[edge]]>
              </value>
            </param>
          </params>
          <reporter-output>
          </reporter-output>
        </test-method> <!-- beforeMethod -->
        <test-method signature="dashBoardIsVisibleAfterSuccessfulLogin()[pri:1, instance:executeClass.ExecuteDashBoardPage@2e8c1c9b]" started-at="2022-08-05T16:48:48 IST" name="dashBoardIsVisibleAfterSuccessfulLogin" finished-at="2022-08-05T16:48:51 IST" duration-ms="3713" status="PASS">
          <reporter-output>
          </reporter-output>
        </test-method> <!-- dashBoardIsVisibleAfterSuccessfulLogin -->
        <test-method is-config="true" signature="afterMethod(org.testng.ITestResult)[pri:0, instance:executeClass.ExecuteDashBoardPage@2e8c1c9b]" started-at="2022-08-05T16:48:51 IST" name="afterMethod" finished-at="2022-08-05T16:48:52 IST" duration-ms="309" status="PASS">
          <params>
            <param index="0">
              <value>
                <![CDATA[[TestResult name=dashBoardIsVisibleAfterSuccessfulLogin status=SUCCESS method=ExecuteDashBoardPage.dashBoardIsVisibleAfterSuccessfulLogin()[pri:1, instance:executeClass.ExecuteDashBoardPage@2e8c1c9b] output={null}]]]>
              </value>
            </param>
          </params>
          <reporter-output>
          </reporter-output>
        </test-method> <!-- afterMethod -->
        <test-method is-config="true" signature="beforeMethod(java.lang.String)[pri:0, instance:executeClass.ExecuteDashBoardPage@2e8c1c9b]" started-at="2022-08-05T16:50:02 IST" name="beforeMethod" finished-at="2022-08-05T16:50:10 IST" duration-ms="7956" status="PASS">
          <params>
            <param index="0">
              <value>
                <![CDATA[edge]]>
              </value>
            </param>
          </params>
          <reporter-output>
          </reporter-output>
        </test-method> <!-- beforeMethod -->
        <test-method signature="isManagePageTileVisibleOrNot()[pri:2, instance:executeClass.ExecuteDashBoardPage@2e8c1c9b]" started-at="2022-08-05T16:50:10 IST" name="isManagePageTileVisibleOrNot" finished-at="2022-08-05T16:50:11 IST" duration-ms="857" status="PASS">
          <reporter-output>
          </reporter-output>
        </test-method> <!-- isManagePageTileVisibleOrNot -->
        <test-method is-config="true" signature="afterMethod(org.testng.ITestResult)[pri:0, instance:executeClass.ExecuteDashBoardPage@2e8c1c9b]" started-at="2022-08-05T16:50:11 IST" name="afterMethod" finished-at="2022-08-05T16:50:11 IST" duration-ms="153" status="PASS">
          <params>
            <param index="0">
              <value>
                <![CDATA[[TestResult name=isManagePageTileVisibleOrNot status=SUCCESS method=ExecuteDashBoardPage.isManagePageTileVisibleOrNot()[pri:2, instance:executeClass.ExecuteDashBoardPage@2e8c1c9b] output={null}]]]>
              </value>
            </param>
          </params>
          <reporter-output>
          </reporter-output>
        </test-method> <!-- afterMethod -->
        <test-method is-config="true" signature="beforeMethod(java.lang.String)[pri:0, instance:executeClass.ExecuteDashBoardPage@2e8c1c9b]" started-at="2022-08-05T16:51:42 IST" name="beforeMethod" finished-at="2022-08-05T16:51:50 IST" duration-ms="8764" status="PASS">
          <params>
            <param index="0">
              <value>
                <![CDATA[edge]]>
              </value>
            </param>
          </params>
          <reporter-output>
          </reporter-output>
        </test-method> <!-- beforeMethod -->
        <test-method signature="manageUsersMoreInfoArrowClicableOrNot()[pri:3, instance:executeClass.ExecuteDashBoardPage@2e8c1c9b]" started-at="2022-08-05T16:51:50 IST" name="manageUsersMoreInfoArrowClicableOrNot" finished-at="2022-08-05T16:51:52 IST" duration-ms="1888" status="PASS">
          <reporter-output>
          </reporter-output>
        </test-method> <!-- manageUsersMoreInfoArrowClicableOrNot -->
        <test-method is-config="true" signature="afterMethod(org.testng.ITestResult)[pri:0, instance:executeClass.ExecuteDashBoardPage@2e8c1c9b]" started-at="2022-08-05T16:51:52 IST" name="afterMethod" finished-at="2022-08-05T16:51:52 IST" duration-ms="207" status="PASS">
          <params>
            <param index="0">
              <value>
                <![CDATA[[TestResult name=manageUsersMoreInfoArrowClicableOrNot status=SUCCESS method=ExecuteDashBoardPage.manageUsersMoreInfoArrowClicableOrNot()[pri:3, instance:executeClass.ExecuteDashBoardPage@2e8c1c9b] output={null}]]]>
              </value>
            </param>
          </params>
          <reporter-output>
          </reporter-output>
        </test-method> <!-- afterMethod -->
      </class> <!-- executeClass.ExecuteDashBoardPage -->
      <class name="executeClass.ExecuteVerifyUsersPage">
        <test-method is-config="true" signature="beforeMethod(java.lang.String)[pri:0, instance:executeClass.ExecuteVerifyUsersPage@5b1669c0]" started-at="2022-08-05T16:49:13 IST" name="beforeMethod" finished-at="2022-08-05T16:49:21 IST" duration-ms="8238" status="PASS">
          <params>
            <param index="0">
              <value>
                <![CDATA[edge]]>
              </value>
            </param>
          </params>
          <reporter-output>
          </reporter-output>
        </test-method> <!-- beforeMethod -->
        <test-method signature="verifyListUsersPageIsDisplayedWhileClickingOnVerifyUsers()[pri:1, instance:executeClass.ExecuteVerifyUsersPage@5b1669c0]" started-at="2022-08-05T16:49:21 IST" name="verifyListUsersPageIsDisplayedWhileClickingOnVerifyUsers" finished-at="2022-08-05T16:49:23 IST" duration-ms="1566" status="PASS">
          <reporter-output>
          </reporter-output>
        </test-method> <!-- verifyListUsersPageIsDisplayedWhileClickingOnVerifyUsers -->
        <test-method is-config="true" signature="afterMethod(org.testng.ITestResult)[pri:0, instance:executeClass.ExecuteVerifyUsersPage@5b1669c0]" started-at="2022-08-05T16:49:23 IST" name="afterMethod" finished-at="2022-08-05T16:49:23 IST" duration-ms="216" status="PASS">
          <params>
            <param index="0">
              <value>
                <![CDATA[[TestResult name=verifyListUsersPageIsDisplayedWhileClickingOnVerifyUsers status=SUCCESS method=ExecuteVerifyUsersPage.verifyListUsersPageIsDisplayedWhileClickingOnVerifyUsers()[pri:1, instance:executeClass.ExecuteVerifyUsersPage@5b1669c0] output={null}]]]>
              </value>
            </param>
          </params>
          <reporter-output>
          </reporter-output>
        </test-method> <!-- afterMethod -->
        <test-method is-config="true" signature="beforeMethod(java.lang.String)[pri:0, instance:executeClass.ExecuteVerifyUsersPage@5b1669c0]" started-at="2022-08-05T16:50:46 IST" name="beforeMethod" finished-at="2022-08-05T16:50:54 IST" duration-ms="8263" status="PASS">
          <params>
            <param index="0">
              <value>
                <![CDATA[edge]]>
              </value>
            </param>
          </params>
          <reporter-output>
          </reporter-output>
        </test-method> <!-- beforeMethod -->
        <test-method signature="verifyTheUserCanSearchAUserByUsingName()[pri:2, instance:executeClass.ExecuteVerifyUsersPage@5b1669c0]" started-at="2022-08-05T16:50:54 IST" name="verifyTheUserCanSearchAUserByUsingName" finished-at="2022-08-05T16:50:57 IST" duration-ms="2788" status="PASS">
          <reporter-output>
          </reporter-output>
        </test-method> <!-- verifyTheUserCanSearchAUserByUsingName -->
        <test-method is-config="true" signature="afterMethod(org.testng.ITestResult)[pri:0, instance:executeClass.ExecuteVerifyUsersPage@5b1669c0]" started-at="2022-08-05T16:50:57 IST" name="afterMethod" finished-at="2022-08-05T16:50:58 IST" duration-ms="469" status="PASS">
          <params>
            <param index="0">
              <value>
                <![CDATA[[TestResult name=verifyTheUserCanSearchAUserByUsingName status=SUCCESS method=ExecuteVerifyUsersPage.verifyTheUserCanSearchAUserByUsingName()[pri:2, instance:executeClass.ExecuteVerifyUsersPage@5b1669c0] output={null}]]]>
              </value>
            </param>
          </params>
          <reporter-output>
          </reporter-output>
        </test-method> <!-- afterMethod -->
        <test-method is-config="true" signature="beforeMethod(java.lang.String)[pri:0, instance:executeClass.ExecuteVerifyUsersPage@5b1669c0]" started-at="2022-08-05T16:52:36 IST" name="beforeMethod" finished-at="2022-08-05T16:52:43 IST" duration-ms="7739" status="PASS">
          <params>
            <param index="0">
              <value>
                <![CDATA[edge]]>
              </value>
            </param>
          </params>
          <reporter-output>
          </reporter-output>
        </test-method> <!-- beforeMethod -->
        <test-method signature="verifyUserCanSearchAUserByUsingPhoneNumber()[pri:3, instance:executeClass.ExecuteVerifyUsersPage@5b1669c0]" started-at="2022-08-05T16:52:43 IST" name="verifyUserCanSearchAUserByUsingPhoneNumber" finished-at="2022-08-05T16:52:46 IST" duration-ms="3107" status="PASS">
          <reporter-output>
          </reporter-output>
        </test-method> <!-- verifyUserCanSearchAUserByUsingPhoneNumber -->
        <test-method is-config="true" signature="afterMethod(org.testng.ITestResult)[pri:0, instance:executeClass.ExecuteVerifyUsersPage@5b1669c0]" started-at="2022-08-05T16:52:46 IST" name="afterMethod" finished-at="2022-08-05T16:52:47 IST" duration-ms="284" status="PASS">
          <params>
            <param index="0">
              <value>
                <![CDATA[[TestResult name=verifyUserCanSearchAUserByUsingPhoneNumber status=SUCCESS method=ExecuteVerifyUsersPage.verifyUserCanSearchAUserByUsingPhoneNumber()[pri:3, instance:executeClass.ExecuteVerifyUsersPage@5b1669c0] output={null}]]]>
              </value>
            </param>
          </params>
          <reporter-output>
          </reporter-output>
        </test-method> <!-- afterMethod -->
      </class> <!-- executeClass.ExecuteVerifyUsersPage -->
      <class name="executeClass.ExecuteManageExpensePage">
        <test-method is-config="true" signature="beforeMethod(java.lang.String)[pri:0, instance:executeClass.ExecuteManageExpensePage@53fe15ff]" started-at="2022-08-05T16:48:52 IST" name="beforeMethod" finished-at="2022-08-05T16:49:00 IST" duration-ms="8697" status="PASS">
          <params>
            <param index="0">
              <value>
                <![CDATA[edge]]>
              </value>
            </param>
          </params>
          <reporter-output>
          </reporter-output>
        </test-method> <!-- beforeMethod -->
        <test-method signature="verifyExpenseCategoryIsVisibleWhileClickingOnExpenseCategoryUnderManageExpense()[pri:1, instance:executeClass.ExecuteManageExpensePage@53fe15ff]" started-at="2022-08-05T16:49:00 IST" name="verifyExpenseCategoryIsVisibleWhileClickingOnExpenseCategoryUnderManageExpense" finished-at="2022-08-05T16:49:02 IST" duration-ms="1860" status="PASS">
          <reporter-output>
          </reporter-output>
        </test-method> <!-- verifyExpenseCategoryIsVisibleWhileClickingOnExpenseCategoryUnderManageExpense -->
        <test-method is-config="true" signature="afterMethod(org.testng.ITestResult)[pri:0, instance:executeClass.ExecuteManageExpensePage@53fe15ff]" started-at="2022-08-05T16:49:02 IST" name="afterMethod" finished-at="2022-08-05T16:49:02 IST" duration-ms="198" status="PASS">
          <params>
            <param index="0">
              <value>
                <![CDATA[[TestResult name=verifyExpenseCategoryIsVisibleWhileClickingOnExpenseCategoryUnderManageExpense status=SUCCESS method=ExecuteManageExpensePage.verifyExpenseCategoryIsVisibleWhileClickingOnExpenseCategoryUnderManageExpense()[pri:1, instance:executeClass.ExecuteManageExpensePage@53fe15ff] output={null}]]]>
              </value>
            </param>
          </params>
          <reporter-output>
          </reporter-output>
        </test-method> <!-- afterMethod -->
        <test-method is-config="true" signature="beforeMethod(java.lang.String)[pri:0, instance:executeClass.ExecuteManageExpensePage@53fe15ff]" started-at="2022-08-05T16:50:19 IST" name="beforeMethod" finished-at="2022-08-05T16:50:29 IST" duration-ms="9467" status="PASS">
          <params>
            <param index="0">
              <value>
                <![CDATA[edge]]>
              </value>
            </param>
          </params>
          <reporter-output>
          </reporter-output>
        </test-method> <!-- beforeMethod -->
        <test-method signature="verifyAdminCanCreateANewExpenseCategory()[pri:2, instance:executeClass.ExecuteManageExpensePage@53fe15ff]" started-at="2022-08-05T16:50:29 IST" name="verifyAdminCanCreateANewExpenseCategory" finished-at="2022-08-05T16:50:32 IST" duration-ms="3668" status="PASS">
          <reporter-output>
          </reporter-output>
        </test-method> <!-- verifyAdminCanCreateANewExpenseCategory -->
        <test-method is-config="true" signature="afterMethod(org.testng.ITestResult)[pri:0, instance:executeClass.ExecuteManageExpensePage@53fe15ff]" started-at="2022-08-05T16:50:32 IST" name="afterMethod" finished-at="2022-08-05T16:50:33 IST" duration-ms="274" status="PASS">
          <params>
            <param index="0">
              <value>
                <![CDATA[[TestResult name=verifyAdminCanCreateANewExpenseCategory status=SUCCESS method=ExecuteManageExpensePage.verifyAdminCanCreateANewExpenseCategory()[pri:2, instance:executeClass.ExecuteManageExpensePage@53fe15ff] output={null}]]]>
              </value>
            </param>
          </params>
          <reporter-output>
          </reporter-output>
        </test-method> <!-- afterMethod -->
        <test-method is-config="true" signature="beforeMethod(java.lang.String)[pri:0, instance:executeClass.ExecuteManageExpensePage@53fe15ff]" started-at="2022-08-05T16:51:52 IST" name="beforeMethod" finished-at="2022-08-05T16:52:02 IST" duration-ms="9192" status="PASS">
          <params>
            <param index="0">
              <value>
                <![CDATA[edge]]>
              </value>
            </param>
          </params>
          <reporter-output>
          </reporter-output>
        </test-method> <!-- beforeMethod -->
        <test-method signature="verifyAdminCanSearchNewlyCreatedOne()[pri:3, instance:executeClass.ExecuteManageExpensePage@53fe15ff]" started-at="2022-08-05T16:52:02 IST" name="verifyAdminCanSearchNewlyCreatedOne" finished-at="2022-08-05T16:52:04 IST" duration-ms="2627" status="PASS">
          <reporter-output>
          </reporter-output>
        </test-method> <!-- verifyAdminCanSearchNewlyCreatedOne -->
        <test-method is-config="true" signature="afterMethod(org.testng.ITestResult)[pri:0, instance:executeClass.ExecuteManageExpensePage@53fe15ff]" started-at="2022-08-05T16:52:04 IST" name="afterMethod" finished-at="2022-08-05T16:52:05 IST" duration-ms="452" status="PASS">
          <params>
            <param index="0">
              <value>
                <![CDATA[[TestResult name=verifyAdminCanSearchNewlyCreatedOne status=SUCCESS method=ExecuteManageExpensePage.verifyAdminCanSearchNewlyCreatedOne()[pri:3, instance:executeClass.ExecuteManageExpensePage@53fe15ff] output={null}]]]>
              </value>
            </param>
          </params>
          <reporter-output>
          </reporter-output>
        </test-method> <!-- afterMethod -->
        <test-method is-config="true" signature="beforeMethod(java.lang.String)[pri:0, instance:executeClass.ExecuteManageExpensePage@53fe15ff]" started-at="2022-08-05T16:52:57 IST" name="beforeMethod" finished-at="2022-08-05T16:53:05 IST" duration-ms="7803" status="PASS">
          <params>
            <param index="0">
              <value>
                <![CDATA[edge]]>
              </value>
            </param>
          </params>
          <reporter-output>
          </reporter-output>
        </test-method> <!-- beforeMethod -->
        <test-method signature="verifyAdminCanEditTheCreatedOnes()[pri:4, instance:executeClass.ExecuteManageExpensePage@53fe15ff]" started-at="2022-08-05T16:53:05 IST" name="verifyAdminCanEditTheCreatedOnes" finished-at="2022-08-05T16:53:09 IST" duration-ms="4721" status="PASS">
          <reporter-output>
          </reporter-output>
        </test-method> <!-- verifyAdminCanEditTheCreatedOnes -->
        <test-method is-config="true" signature="afterMethod(org.testng.ITestResult)[pri:0, instance:executeClass.ExecuteManageExpensePage@53fe15ff]" started-at="2022-08-05T16:53:09 IST" name="afterMethod" finished-at="2022-08-05T16:53:10 IST" duration-ms="279" status="PASS">
          <params>
            <param index="0">
              <value>
                <![CDATA[[TestResult name=verifyAdminCanEditTheCreatedOnes status=SUCCESS method=ExecuteManageExpensePage.verifyAdminCanEditTheCreatedOnes()[pri:4, instance:executeClass.ExecuteManageExpensePage@53fe15ff] output={null}]]]>
              </value>
            </param>
          </params>
          <reporter-output>
          </reporter-output>
        </test-method> <!-- afterMethod -->
        <test-method is-config="true" signature="beforeMethod(java.lang.String)[pri:0, instance:executeClass.ExecuteManageExpensePage@53fe15ff]" started-at="2022-08-05T16:54:02 IST" name="beforeMethod" finished-at="2022-08-05T16:54:10 IST" duration-ms="7755" status="PASS">
          <params>
            <param index="0">
              <value>
                <![CDATA[edge]]>
              </value>
            </param>
          </params>
          <reporter-output>
          </reporter-output>
        </test-method> <!-- beforeMethod -->
        <test-method signature="verifyAdminCanDeleteTheCreatedOne()[pri:5, instance:executeClass.ExecuteManageExpensePage@53fe15ff]" started-at="2022-08-05T16:54:10 IST" name="verifyAdminCanDeleteTheCreatedOne" finished-at="2022-08-05T16:54:13 IST" duration-ms="3143" status="PASS">
          <reporter-output>
          </reporter-output>
        </test-method> <!-- verifyAdminCanDeleteTheCreatedOne -->
        <test-method is-config="true" signature="afterMethod(org.testng.ITestResult)[pri:0, instance:executeClass.ExecuteManageExpensePage@53fe15ff]" started-at="2022-08-05T16:54:13 IST" name="afterMethod" finished-at="2022-08-05T16:54:13 IST" duration-ms="227" status="PASS">
          <params>
            <param index="0">
              <value>
                <![CDATA[[TestResult name=verifyAdminCanDeleteTheCreatedOne status=SUCCESS method=ExecuteManageExpensePage.verifyAdminCanDeleteTheCreatedOne()[pri:5, instance:executeClass.ExecuteManageExpensePage@53fe15ff] output={null}]]]>
              </value>
            </param>
          </params>
          <reporter-output>
          </reporter-output>
        </test-method> <!-- afterMethod -->
      </class> <!-- executeClass.ExecuteManageExpensePage -->
    </test> <!-- Edge Browser Test -->
  </suite> <!-- Cross Browser Test Suite -->
</testng-results>
