<?xml version="1.0" encoding="UTF-8"?>
<testng-results ignored="0" total="3" passed="3" failed="0" skipped="0">
  <reporter-output>
  </reporter-output>
  <suite started-at="2022-08-03T11:46:14 IST" name="Default suite" finished-at="2022-08-03T11:46:38 IST" duration-ms="23987">
    <groups>
    </groups>
    <test started-at="2022-08-03T11:46:14 IST" name="Default test" finished-at="2022-08-03T11:46:38 IST" duration-ms="23987">
      <class name="executeClass.ExecuteVerifyUsersPage">
        <test-method is-config="true" signature="beforeMethod()[pri:0, instance:executeClass.ExecuteVerifyUsersPage@4659191b]" started-at="2022-08-03T11:46:14 IST" name="beforeMethod" finished-at="2022-08-03T11:46:20 IST" duration-ms="6284" status="PASS">
          <reporter-output>
          </reporter-output>
        </test-method> <!-- beforeMethod -->
        <test-method signature="verifyListUsersPageIsDisplayedWhileClickingOnVerifyUsers()[pri:1, instance:executeClass.ExecuteVerifyUsersPage@4659191b]" started-at="2022-08-03T11:46:20 IST" name="verifyListUsersPageIsDisplayedWhileClickingOnVerifyUsers" finished-at="2022-08-03T11:46:22 IST" duration-ms="2441" status="PASS">
          <reporter-output>
          </reporter-output>
        </test-method> <!-- verifyListUsersPageIsDisplayedWhileClickingOnVerifyUsers -->
        <test-method is-config="true" signature="afterMethod()[pri:0, instance:executeClass.ExecuteVerifyUsersPage@4659191b]" started-at="2022-08-03T11:46:22 IST" name="afterMethod" finished-at="2022-08-03T11:46:23 IST" duration-ms="194" status="PASS">
          <reporter-output>
          </reporter-output>
        </test-method> <!-- afterMethod -->
        <test-method is-config="true" signature="beforeMethod()[pri:0, instance:executeClass.ExecuteVerifyUsersPage@4659191b]" started-at="2022-08-03T11:46:23 IST" name="beforeMethod" finished-at="2022-08-03T11:46:28 IST" duration-ms="5674" status="PASS">
          <reporter-output>
          </reporter-output>
        </test-method> <!-- beforeMethod -->
        <test-method signature="verifyTheUserCanSearchAUserByUsingName()[pri:2, instance:executeClass.ExecuteVerifyUsersPage@4659191b]" started-at="2022-08-03T11:46:28 IST" name="verifyTheUserCanSearchAUserByUsingName" finished-at="2022-08-03T11:46:31 IST" duration-ms="2161" status="PASS">
          <reporter-output>
          </reporter-output>
        </test-method> <!-- verifyTheUserCanSearchAUserByUsingName -->
        <test-method is-config="true" signature="afterMethod()[pri:0, instance:executeClass.ExecuteVerifyUsersPage@4659191b]" started-at="2022-08-03T11:46:31 IST" name="afterMethod" finished-at="2022-08-03T11:46:31 IST" duration-ms="163" status="PASS">
          <reporter-output>
          </reporter-output>
        </test-method> <!-- afterMethod -->
        <test-method is-config="true" signature="beforeMethod()[pri:0, instance:executeClass.ExecuteVerifyUsersPage@4659191b]" started-at="2022-08-03T11:46:31 IST" name="beforeMethod" finished-at="2022-08-03T11:46:35 IST" duration-ms="4677" status="PASS">
          <reporter-output>
          </reporter-output>
        </test-method> <!-- beforeMethod -->
        <test-method signature="verifyUserCanSearchAUserByUsingPhoneNumber()[pri:3, instance:executeClass.ExecuteVerifyUsersPage@4659191b]" started-at="2022-08-03T11:46:35 IST" name="verifyUserCanSearchAUserByUsingPhoneNumber" finished-at="2022-08-03T11:46:37 IST" duration-ms="2089" status="PASS">
          <reporter-output>
          </reporter-output>
        </test-method> <!-- verifyUserCanSearchAUserByUsingPhoneNumber -->
        <test-method is-config="true" signature="afterMethod()[pri:0, instance:executeClass.ExecuteVerifyUsersPage@4659191b]" started-at="2022-08-03T11:46:37 IST" name="afterMethod" finished-at="2022-08-03T11:46:38 IST" duration-ms="183" status="PASS">
          <reporter-output>
          </reporter-output>
        </test-method> <!-- afterMethod -->
      </class> <!-- executeClass.ExecuteVerifyUsersPage -->
    </test> <!-- Default test -->
  </suite> <!-- Default suite -->
</testng-results>
