<?xml version="1.0" encoding="UTF-8"?>
<testng-results ignored="1" total="2" passed="1" failed="0" skipped="0">
  <reporter-output>
  </reporter-output>
  <suite started-at="2022-08-01T19:06:12 IST" name="Default suite" finished-at="2022-08-01T19:06:25 IST" duration-ms="13029">
    <groups>
    </groups>
    <test started-at="2022-08-01T19:06:12 IST" name="Default test" finished-at="2022-08-01T19:06:25 IST" duration-ms="13029">
      <class name="executeClass.ExecuteManageOrderPage">
        <test-method is-config="true" signature="beforeMethod()[pri:0, instance:executeClass.ExecuteManageOrderPage@d9345cd]" started-at="2022-08-01T19:06:12 IST" name="beforeMethod" finished-at="2022-08-01T19:06:20 IST" duration-ms="7626" status="PASS">
          <reporter-output>
          </reporter-output>
        </test-method> <!-- beforeMethod -->
        <test-method signature="vrifyTheAdminCanViewTgeOrderDetailsOfSearchOrder()[pri:0, instance:executeClass.ExecuteManageOrderPage@d9345cd]" started-at="2022-08-01T19:06:20 IST" name="vrifyTheAdminCanViewTgeOrderDetailsOfSearchOrder" finished-at="2022-08-01T19:06:24 IST" duration-ms="4344" status="PASS">
          <reporter-output>
          </reporter-output>
        </test-method> <!-- vrifyTheAdminCanViewTgeOrderDetailsOfSearchOrder -->
        <test-method is-config="true" signature="afterMethod()[pri:0, instance:executeClass.ExecuteManageOrderPage@d9345cd]" started-at="2022-08-01T19:06:24 IST" name="afterMethod" finished-at="2022-08-01T19:06:25 IST" duration-ms="954" status="PASS">
          <reporter-output>
          </reporter-output>
        </test-method> <!-- afterMethod -->
      </class> <!-- executeClass.ExecuteManageOrderPage -->
    </test> <!-- Default test -->
  </suite> <!-- Default suite -->
</testng-results>
