<?xml version="1.0" encoding="UTF-8"?>
<!-- Generated by org.testng.reporters.JUnitXMLReporter -->
<testsuite ignored="0" hostname="DESKTOP-G8IH0JN" failures="0" tests="32" name="Chrome Browser Test" time="260.38" errors="0" timestamp="2022-08-05T16:47:07 IST">
  <testcase classname="executeClass.ExecuteDashBoardPage" name="dashBoardIsVisibleAfterSuccessfulLogin" time="3.179"/>
  <testcase classname="executeClass.ExecuteManageExpensePage" name="verifyExpenseCategoryIsVisibleWhileClickingOnExpenseCategoryUnderManageExpense" time="1.939"/>
  <testcase classname="executeClass.ExecuteManageProductPage" name="verifyListOfProductPageIsDisplayedWhileClickingOnManageProduct" time="1.79"/>
  <testcase classname="executeClass.ExecuteVerifyUsersPage" name="verifyListUsersPageIsDisplayedWhileClickingOnVerifyUsers" time="1.595"/>
  <testcase classname="executeClass.ExecuteLoginPage" name="verifyLoginPageIsvisibleWhileLaunchingTheApplication" time="0.009"/>
  <testcase classname="executeClass.executePushNotificationPage" name="verifyPushNotificationPageIsDisplayedWhileClickingOnPushNotification" time="1.582"/>
  <testcase classname="executeClass.ExecuteManageOrderPage" name="verifyTheAdminCanSearchAnOrderByUsingOrderId" time="3.186"/>
  <testcase classname="executeClass.ExecuteManageUsersPage" name="verifyTheListUsersPageIsDispalyedWhileClickingOnManageUsers" time="2.406"/>
  <testcase classname="executeClass.ExecuteDashBoardPage" name="isManagePageTileVisibleOrNot" time="3.18"/>
  <testcase classname="executeClass.ExecuteLoginPage" name="isrememberMeCheckBoxSelectedOrNot" time="0.038"/>
  <testcase classname="executeClass.ExecuteManageExpensePage" name="verifyAdminCanCreateANewExpenseCategory" time="3.522"/>
  <testcase classname="executeClass.executePushNotificationPage" name="verifyTheAdminCanSendANotificationSuccessfullyOrNot" time="2.906"/>
  <testcase classname="executeClass.ExecuteVerifyUsersPage" name="verifyTheUserCanSearchAUserByUsingName" time="2.392"/>
  <testcase classname="executeClass.ExecuteManageProductPage" name="verifyUserCanAddNewProductOrNot" time="12.001"/>
  <testcase classname="executeClass.ExecuteManageUsersPage" name="verifyUsercnaSearchAUserByUsingName" time="2.591"/>
  <testcase classname="executeClass.ExecuteManageOrderPage" name="vrifyTheAdminCanViewTheOrderDetailsOfSearchOrder" time="4.356"/>
  <testcase classname="executeClass.ExecuteDashBoardPage" name="manageUsersMoreInfoArrowClicableOrNot" time="1.753"/>
  <testcase classname="executeClass.ExecuteManageExpensePage" name="verifyAdminCanSearchNewlyCreatedOne" time="2.332"/>
  <testcase classname="executeClass.executePushNotificationPage" name="verifyTheResetButtonIsVisibleOrNot" time="1.561"/>
  <testcase classname="executeClass.ExecuteManageUsersPage" name="verifyTheUserCanSearchAUserByUsingEmailId" time="2.278"/>
  <testcase classname="executeClass.ExecuteManageProductPage" name="verifyUserCanSearchAProductByUsingProductCode" time="2.755"/>
  <testcase classname="executeClass.ExecuteVerifyUsersPage" name="verifyUserCanSearchAUserByUsingPhoneNumber" time="2.785"/>
  <testcase classname="executeClass.ExecuteLoginPage" name="verifysuccessfulLogin" time="0.999"/>
  <testcase classname="executeClass.ExecuteManageExpensePage" name="verifyAdminCanEditTheCreatedOnes" time="3.729"/>
  <testcase classname="executeClass.ExecuteManageUsersPage" name="verifyTheAdminCanChangeTheStatusOfSoftWareTesterUser" time="2.347"/>
  <testcase classname="executeClass.ExecuteManageProductPage" name="verifyTheUserCanDeleteTheCreatedProductOrNot" time="3.079"/>
  <testcase classname="executeClass.ExecuteLoginPage" name="verifyUnsuccessfulLogin" time="0.538"/>
  <testcase classname="executeClass.ExecuteLoginPage" name="verifyUnsuccessfulLogin" time="0.529"/>
  <testcase classname="executeClass.ExecuteLoginPage" name="verifyUnsuccessfulLogin" time="0.479"/>
  <testcase classname="executeClass.ExecuteManageExpensePage" name="verifyAdminCanDeleteTheCreatedOne" time="3.25"/>
  <testcase classname="executeClass.ExecuteManageProductPage" name="verifyTheReSetButtonIsWorkingFineOrNot" time="3.292"/>
  <testcase classname="executeClass.ExecuteManageProductPage" name="verifyTheUserCanNavigateToTheLastPageByClickingOnLastButton" time="7.506"/>
</testsuite> <!-- Chrome Browser Test -->
